This is pdfTeX, Version 3.14159-14h-released-20010417 (Web2C 7.3.3.1) (format=pdflatex 2003.2.18)  30 MAR 2005 14:02
**newwriteup.tex
(./newwriteup.tex{/usr/share/texmf/pdftex/config/pdftex.cfg}
LaTeX2e <2001/06/01>
Babel <v3.7h> and hyphenation patterns for american, french, german, ngerman, i
talian, nohyphenation, loaded.
(/usr/share/texmf/tex/latex/base/article.cls
Document Class: article 2001/04/21 v1.4e Standard LaTeX document class
(/usr/share/texmf/tex/latex/base/size12.clo
File: size12.clo 2001/04/21 v1.4e Standard LaTeX file (size option)
)
\c@part=\count79
\c@section=\count80
\c@subsection=\count81
\c@subsubsection=\count82
\c@paragraph=\count83
\c@subparagraph=\count84
\c@figure=\count85
\c@table=\count86
\abovecaptionskip=\skip41
\belowcaptionskip=\skip42
\bibindent=\dimen102
)
(/usr/share/texmf/tex/latex/graphics/graphicx.sty
Package: graphicx 1999/02/16 v1.0f Enhanced LaTeX Graphics (DPC,SPQR)

(/usr/share/texmf/tex/latex/graphics/keyval.sty
Package: keyval 1999/03/16 v1.13 key=value parser (DPC)
\KV@toks@=\toks14
)
(/usr/share/texmf/tex/latex/graphics/graphics.sty
Package: graphics 2001/07/07 v1.0n Standard LaTeX Graphics (DPC,SPQR)

(/usr/share/texmf/tex/latex/graphics/trig.sty
Package: trig 1999/03/16 v1.09 sin cos tan (DPC)
)
(/usr/share/texmf/tex/latex/config/graphics.cfg)
Package graphics Info: Driver file: pdftex.def on input line 80.

(/usr/share/texmf/tex/latex/graphics/pdftex.def
File: pdftex.def 2001/11/29 v0.03i graphics/color for pdftex
\Gread@gobject=\count87
))
\Gin@req@height=\dimen103
\Gin@req@width=\dimen104
) (./newwriteup.aux)
\openout1 = `newwriteup.aux'.

LaTeX Font Info:    Checking defaults for OML/cmm/m/it on input line 12.
LaTeX Font Info:    ... okay on input line 12.
LaTeX Font Info:    Checking defaults for T1/cmr/m/n on input line 12.
LaTeX Font Info:    ... okay on input line 12.
LaTeX Font Info:    Checking defaults for OT1/cmr/m/n on input line 12.
LaTeX Font Info:    ... okay on input line 12.
LaTeX Font Info:    Checking defaults for OMS/cmsy/m/n on input line 12.
LaTeX Font Info:    ... okay on input line 12.
LaTeX Font Info:    Checking defaults for OMX/cmex/m/n on input line 12.
LaTeX Font Info:    ... okay on input line 12.
LaTeX Font Info:    Checking defaults for U/cmr/m/n on input line 12.
LaTeX Font Info:    ... okay on input line 12.

(/usr/share/texmf/tex/context/base/supp-pdf.tex
(/usr/share/texmf/tex/context/base/supp-mis.tex
loading : Context Support Macros / Missing
\protectiondepth=\count88
\scratchcounter=\count89
\scratchtoks=\toks15
\scratchdimen=\dimen105
\scratchskip=\skip43
\scratchmuskip=\muskip10
\scratchbox=\box26
\scratchread=\read1
\scratchwrite=\write3
\zeropoint=\dimen106
\nextbox=\box27
\nextdepth=\dimen107
\everyline=\toks16
\!!counta=\count90
\!!countb=\count91
\recursecounter=\count92
)
loading : Context Support Macros / PDF
\nofMPsegments=\count93
\nofMParguments=\count94
\everyMPtoPDFconversion=\toks17
)
LaTeX Font Info:    External font `cmex10' loaded for size
(Font)              <17.28> on input line 14.
LaTeX Font Info:    External font `cmex10' loaded for size
(Font)              <12> on input line 14.
LaTeX Font Info:    External font `cmex10' loaded for size
(Font)              <8> on input line 16.
LaTeX Font Info:    External font `cmex10' loaded for size
(Font)              <6> on input line 16.
LaTeX Font Info:    Try loading font information for OMS+cmr on input line 33.
 (/usr/share/texmf/tex/latex/base/omscmr.fd
File: omscmr.fd 1999/05/25 v2.5h Standard LaTeX font definitions
)
LaTeX Font Info:    Font shape `OMS/cmr/m/n' in size <12> not available
(Font)              Font shape `OMS/cmsy/m/n' tried instead on input line 33.

<allnew_8.pdf, id=1, 508.90125pt x 508.90125pt>
File: allnew_8.pdf Graphic file (type pdf)
 <use allnew_8.pdf>
<fake3_mass.pdf, id=2, 277.035pt x 177.66376pt>
File: fake3_mass.pdf Graphic file (type pdf)
 <use fake3_mass.pdf>
<fake3_energy.pdf, id=3, 281.05pt x 177.66376pt>
File: fake3_energy.pdf Graphic file (type pdf)
 <use fake3_energy.pdf>
[1

{/usr/share/texmf/dvips/config/pdftex.map}] [2 <./allnew_8.pdf>]
<fake3_contours.pdf, id=31, 289.08pt x 287.0725pt>
File: fake3_contours.pdf Graphic file (type pdf)
 <use fake3_contours.pdf>
[3 <./fake3_mass.pdf> <./fake3_energy.pdf>] [4 <./fake3_contours.pdf>]
(./newwriteup.aux) ) 
Here is how much of TeX's memory you used:
 909 strings out of 50453
 11064 string characters out of 688420
 60723 words of memory out of 1500001
 3946 multiletter control sequences out of 10000+25000
 7597 words of font info for 27 fonts, out of 400000 for 1000
 14 hyphenation exceptions out of 10000
 25i,9n,21p,428b,298s stack positions out of 3000i,500n,3000p,50000b,5000s
</usr/share/texmf/fonts/type1/bluesky/cm/cmsy6.pfb></usr/sh
are/texmf/fonts/type1/bluesky/cm/cmr6.pfb></usr/share/texmf/fonts/type1/bluesky
/cm/cmmi8.pfb></usr/share/texmf/fonts/type1/bluesky/cm/cmr8.pfb></usr/share/tex
mf/fonts/type1/bluesky/cm/cmsy8.pfb></usr/share/texmf/fonts/type1/bluesky/cm/cm
r17.pfb></usr/share/texmf/fonts/type1/bluesky/cm/cmsy10.pfb></usr/share/texmf/f
onts/type1/bluesky/cm/cmr12.pfb></usr/share/texmf/fonts/type1/bluesky/cm/cmmi12
.pfb>
Output written on newwriteup.pdf (4 pages, 79727 bytes).
