This is pdfTeX, Version 3.14159-14h-released-20010417 (Web2C 7.3.3.1) (format=pdflatex 2003.2.18)  19 OCT 2004 11:05
**talk2.tex
(./talk2.tex{/usr/share/texmf/pdftex/config/pdftex.cfg}
LaTeX2e <2001/06/01>
Babel <v3.7h> and hyphenation patterns for american, french, german, ngerman, i
talian, nohyphenation, loaded.
(/usr/share/texmf/tex/latex/base/article.cls
Document Class: article 2001/04/21 v1.4e Standard LaTeX document class
(/usr/share/texmf/tex/latex/base/size10.clo
File: size10.clo 2001/04/21 v1.4e Standard LaTeX file (size option)
)
\c@part=\count79
\c@section=\count80
\c@subsection=\count81
\c@subsubsection=\count82
\c@paragraph=\count83
\c@subparagraph=\count84
\c@figure=\count85
\c@table=\count86
\abovecaptionskip=\skip41
\belowcaptionskip=\skip42
\bibindent=\dimen102
)
(/usr/share/texmf/tex/latex/graphics/graphicx.sty
Package: graphicx 1999/02/16 v1.0f Enhanced LaTeX Graphics (DPC,SPQR)

(/usr/share/texmf/tex/latex/graphics/keyval.sty
Package: keyval 1999/03/16 v1.13 key=value parser (DPC)
\KV@toks@=\toks14
)
(/usr/share/texmf/tex/latex/graphics/graphics.sty
Package: graphics 2001/07/07 v1.0n Standard LaTeX Graphics (DPC,SPQR)

(/usr/share/texmf/tex/latex/graphics/trig.sty
Package: trig 1999/03/16 v1.09 sin cos tan (DPC)
)
(/usr/share/texmf/tex/latex/config/graphics.cfg)
Package graphics Info: Driver file: pdftex.def on input line 80.

(/usr/share/texmf/tex/latex/graphics/pdftex.def
File: pdftex.def 2001/11/29 v0.03i graphics/color for pdftex
\Gread@gobject=\count87
))
\Gin@req@height=\dimen103
\Gin@req@width=\dimen104
) (./talk2.aux)
\openout1 = `talk2.aux'.

LaTeX Font Info:    Checking defaults for OML/cmm/m/it on input line 10.
LaTeX Font Info:    ... okay on input line 10.
LaTeX Font Info:    Checking defaults for T1/cmr/m/n on input line 10.
LaTeX Font Info:    ... okay on input line 10.
LaTeX Font Info:    Checking defaults for OT1/cmr/m/n on input line 10.
LaTeX Font Info:    ... okay on input line 10.
LaTeX Font Info:    Checking defaults for OMS/cmsy/m/n on input line 10.
LaTeX Font Info:    ... okay on input line 10.
LaTeX Font Info:    Checking defaults for OMX/cmex/m/n on input line 10.
LaTeX Font Info:    ... okay on input line 10.
LaTeX Font Info:    Checking defaults for U/cmr/m/n on input line 10.
LaTeX Font Info:    ... okay on input line 10.

(/usr/share/texmf/tex/context/base/supp-pdf.tex
(/usr/share/texmf/tex/context/base/supp-mis.tex
loading : Context Support Macros / Missing
\protectiondepth=\count88
\scratchcounter=\count89
\scratchtoks=\toks15
\scratchdimen=\dimen105
\scratchskip=\skip43
\scratchmuskip=\muskip10
\scratchbox=\box26
\scratchread=\read1
\scratchwrite=\write3
\zeropoint=\dimen106
\nextbox=\box27
\nextdepth=\dimen107
\everyline=\toks16
\!!counta=\count90
\!!countb=\count91
\recursecounter=\count92
)
loading : Context Support Macros / PDF
\nofMPsegments=\count93
\nofMParguments=\count94
\everyMPtoPDFconversion=\toks17
)
LaTeX Font Info:    External font `cmex10' loaded for size
(Font)              <20.74> on input line 24.
LaTeX Font Info:    External font `cmex10' loaded for size
(Font)              <14.4> on input line 24.
LaTeX Font Info:    External font `cmex10' loaded for size
(Font)              <12> on input line 24.
 [1

{/usr/share/texmf/dvips/config/pdftex.map}] [2] [3] [4]
<drawplots.pdf, id=32, 537.00626pt x 165.61874pt>
File: drawplots.pdf Graphic file (type pdf)
 <use drawplots.pdf> [5 <./drawplots.pdf>] [6]
Underfull \hbox (badness 4981) in paragraph at lines 235--236
/cmr17@20.74pt/sub-col-lec-tion with TwoTrack
 []

<cascades_tracks_boost3_tt.pdf, id=44, 569.12625pt x 569.12625pt>
File: cascades_tracks_boost3_tt.pdf Graphic file (type pdf)

<use cascades_tracks_boost3_tt.pdf>
Overfull \hbox (21.5429pt too wide) in paragraph at lines 230--258
[][] 
 []

[7 <./cascades_tracks_boost3_tt.pdf>] [8] [9]
<cascade_still_missing3_tt.pdf, id=57, 291.0875pt x 260.975pt>
File: cascade_still_missing3_tt.pdf Graphic file (type pdf)

<use cascade_still_missing3_tt.pdf> [10 <./cascade_still_missing3_tt.pdf>]
(./talk2.aux) ) 
Here is how much of TeX's memory you used:
 870 strings out of 50453
 10645 string characters out of 688420
 57658 words of memory out of 1500001
 3917 multiletter control sequences out of 10000+25000
 7034 words of font info for 25 fonts, out of 400000 for 1000
 14 hyphenation exceptions out of 10000
 25i,16n,21p,253b,396s stack positions out of 3000i,500n,3000p,50000b,5000s
</usr/share/texmf/fonts/type1/bluesky/cm/cmr12.pfb></usr/share/t
exmf/fonts/type1/bluesky/cm/cmbx12.pfb></usr/share/texmf/fonts/type1/bluesky/cm
/cmsy10.pfb></usr/share/texmf/fonts/type1/bluesky/cm/cmex10.pfb></usr/share/tex
mf/fonts/type1/bluesky/cm/cmti12.pfb></usr/share/texmf/fonts/type1/bluesky/cm/c
mmi12.pfb></usr/share/texmf/fonts/type1/bluesky/cm/cmr17.pfb>
Output written on talk2.pdf (10 pages, 75981 bytes).
