This is pdfTeX, Version 3.14159-14h-released-20010417 (Web2C 7.3.3.1) (format=pdflatex 2003.2.18)  31 AUG 2004 04:12
**talk.tex
(./talk.tex{/usr/share/texmf/pdftex/config/pdftex.cfg}
LaTeX2e <2001/06/01>
Babel <v3.7h> and hyphenation patterns for american, french, german, ngerman, i
talian, nohyphenation, loaded.
(/usr/share/texmf/tex/latex/base/article.cls
Document Class: article 2001/04/21 v1.4e Standard LaTeX document class
(/usr/share/texmf/tex/latex/base/size10.clo
File: size10.clo 2001/04/21 v1.4e Standard LaTeX file (size option)
)
\c@part=\count79
\c@section=\count80
\c@subsection=\count81
\c@subsubsection=\count82
\c@paragraph=\count83
\c@subparagraph=\count84
\c@figure=\count85
\c@table=\count86
\abovecaptionskip=\skip41
\belowcaptionskip=\skip42
\bibindent=\dimen102
)
(/usr/share/texmf/tex/latex/graphics/graphicx.sty
Package: graphicx 1999/02/16 v1.0f Enhanced LaTeX Graphics (DPC,SPQR)

(/usr/share/texmf/tex/latex/graphics/keyval.sty
Package: keyval 1999/03/16 v1.13 key=value parser (DPC)
\KV@toks@=\toks14
)
(/usr/share/texmf/tex/latex/graphics/graphics.sty
Package: graphics 2001/07/07 v1.0n Standard LaTeX Graphics (DPC,SPQR)

(/usr/share/texmf/tex/latex/graphics/trig.sty
Package: trig 1999/03/16 v1.09 sin cos tan (DPC)
)
(/usr/share/texmf/tex/latex/config/graphics.cfg)
Package graphics Info: Driver file: pdftex.def on input line 80.

(/usr/share/texmf/tex/latex/graphics/pdftex.def
File: pdftex.def 2001/11/29 v0.03i graphics/color for pdftex
\Gread@gobject=\count87
))
\Gin@req@height=\dimen103
\Gin@req@width=\dimen104
) (./talk.aux)
\openout1 = `talk.aux'.

LaTeX Font Info:    Checking defaults for OML/cmm/m/it on input line 10.
LaTeX Font Info:    ... okay on input line 10.
LaTeX Font Info:    Checking defaults for T1/cmr/m/n on input line 10.
LaTeX Font Info:    ... okay on input line 10.
LaTeX Font Info:    Checking defaults for OT1/cmr/m/n on input line 10.
LaTeX Font Info:    ... okay on input line 10.
LaTeX Font Info:    Checking defaults for OMS/cmsy/m/n on input line 10.
LaTeX Font Info:    ... okay on input line 10.
LaTeX Font Info:    Checking defaults for OMX/cmex/m/n on input line 10.
LaTeX Font Info:    ... okay on input line 10.
LaTeX Font Info:    Checking defaults for U/cmr/m/n on input line 10.
LaTeX Font Info:    ... okay on input line 10.

(/usr/share/texmf/tex/context/base/supp-pdf.tex
(/usr/share/texmf/tex/context/base/supp-mis.tex
loading : Context Support Macros / Missing
\protectiondepth=\count88
\scratchcounter=\count89
\scratchtoks=\toks15
\scratchdimen=\dimen105
\scratchskip=\skip43
\scratchmuskip=\muskip10
\scratchbox=\box26
\scratchread=\read1
\scratchwrite=\write3
\zeropoint=\dimen106
\nextbox=\box27
\nextdepth=\dimen107
\everyline=\toks16
\!!counta=\count90
\!!countb=\count91
\recursecounter=\count92
)
loading : Context Support Macros / PDF
\nofMPsegments=\count93
\nofMParguments=\count94
\everyMPtoPDFconversion=\toks17
)
LaTeX Font Info:    External font `cmex10' loaded for size
(Font)              <20.74> on input line 15.
LaTeX Font Info:    External font `cmex10' loaded for size
(Font)              <14.4> on input line 15.
LaTeX Font Info:    External font `cmex10' loaded for size
(Font)              <12> on input line 15.
 <../tables5/all1_bblumi_normcc.pdf, id=1, 317.185pt x 476.78125pt>
File: ../tables5/all1_bblumi_normcc.pdf Graphic file (type pdf)

<use ../tables5/all1_bblumi_normcc.pdf>
Overfull \hbox (4.11664pt too wide) in paragraph at lines 18--19
[][] 
 []

<../tables5/all2_bblumi_normcc.pdf, id=3, 317.185pt x 476.78125pt>
File: ../tables5/all2_bblumi_normcc.pdf Graphic file (type pdf)

<use ../tables5/all2_bblumi_normcc.pdf>
Overfull \hbox (3.05617pt too wide) in paragraph at lines 21--22
[][] 
 []

<../tables5/all3_bblumi_normcc.pdf, id=5, 317.185pt x 476.78125pt>
File: ../tables5/all3_bblumi_normcc.pdf Graphic file (type pdf)

<use ../tables5/all3_bblumi_normcc.pdf>
Overfull \hbox (3.05617pt too wide) in paragraph at lines 24--25
[][] 
 []

[1

{/usr/share/texmf/dvips/config/pdftex.map} <../tables5/all1_bblumi_normcc.pdf> 
<../tables5/all2_bblumi_normcc.pdf> <../tables5/all3_bblumi_normcc.pdf>]
[2]
Overfull \hbox (7.10786pt too wide) in paragraph at lines 115--118
 [] 
 []

<../tables5/all1_bblumi_normcc_trigger.pdf, id=53, 508.90125pt x 508.90125pt>
File: ../tables5/all1_bblumi_normcc_trigger.pdf Graphic file (type pdf)

<use ../tables5/all1_bblumi_normcc_trigger.pdf>
<../tables5/all2_bblumi_normcc_trigger.pdf, id=54, 508.90125pt x 508.90125pt>
File: ../tables5/all2_bblumi_normcc_trigger.pdf Graphic file (type pdf)

<use ../tables5/all2_bblumi_normcc_trigger.pdf>
<../tables5/all3_bblumi_normcc_trigger.pdf, id=55, 508.90125pt x 508.90125pt>
File: ../tables5/all3_bblumi_normcc_trigger.pdf Graphic file (type pdf)

<use ../tables5/all3_bblumi_normcc_trigger.pdf>
Overfull \hbox (7.10786pt too wide) in paragraph at lines 120--125
 [][] 
 []

[3 <../tables5/all1_bblumi_normcc_trigger.pdf> <../tables5/all2_bblumi_normcc_t
rigger.pdf> <../tables5/all3_bblumi_normcc_trigger.pdf>]
Overfull \hbox (7.10786pt too wide) in paragraph at lines 151--154
 [] 
 []

<../tables5/all1_bblumi_normcc_d0close.pdf, id=65, 508.90125pt x 508.90125pt>
File: ../tables5/all1_bblumi_normcc_d0close.pdf Graphic file (type pdf)

<use ../tables5/all1_bblumi_normcc_d0close.pdf>
<../tables5/all2_bblumi_normcc_d0close.pdf, id=66, 508.90125pt x 508.90125pt>
File: ../tables5/all2_bblumi_normcc_d0close.pdf Graphic file (type pdf)

<use ../tables5/all2_bblumi_normcc_d0close.pdf>
<../tables5/all3_bblumi_normcc_d0close.pdf, id=67, 508.90125pt x 508.90125pt>
File: ../tables5/all3_bblumi_normcc_d0close.pdf Graphic file (type pdf)

<use ../tables5/all3_bblumi_normcc_d0close.pdf>
Overfull \hbox (7.10786pt too wide) in paragraph at lines 156--161
 [][] 
 []

[4 <../tables5/all1_bblumi_normcc_d0close.pdf> <../tables5/all2_bblumi_normcc_d
0close.pdf> <../tables5/all3_bblumi_normcc_d0close.pdf>]
Overfull \hbox (7.10786pt too wide) in paragraph at lines 186--189
 [] 
 []

<../tables5/all1_bblumi_normcc_e1.pdf, id=77, 508.90125pt x 508.90125pt>
File: ../tables5/all1_bblumi_normcc_e1.pdf Graphic file (type pdf)

<use ../tables5/all1_bblumi_normcc_e1.pdf>
<../tables5/all2_bblumi_normcc_e1.pdf, id=78, 508.90125pt x 508.90125pt>
File: ../tables5/all2_bblumi_normcc_e1.pdf Graphic file (type pdf)

<use ../tables5/all2_bblumi_normcc_e1.pdf>
<../tables5/all3_bblumi_normcc_e1.pdf, id=79, 508.90125pt x 508.90125pt>
File: ../tables5/all3_bblumi_normcc_e1.pdf Graphic file (type pdf)

<use ../tables5/all3_bblumi_normcc_e1.pdf>
Overfull \hbox (7.10786pt too wide) in paragraph at lines 191--196
 [][] 
 []

[5 <../tables5/all1_bblumi_normcc_e1.pdf> <../tables5/all2_bblumi_normcc_e1.pdf
> <../tables5/all3_bblumi_normcc_e1.pdf>]
<../ggg_vs_gggamma.pdf, id=89, 569.12625pt x 569.12625pt>
File: ../ggg_vs_gggamma.pdf Graphic file (type pdf)

<use ../ggg_vs_gggamma.pdf> [6 <../ggg_vs_gggamma.pdf>]
<../ggg_vs_gggamma_again.pdf, id=95, 569.12625pt x 569.12625pt>
File: ../ggg_vs_gggamma_again.pdf Graphic file (type pdf)

<use ../ggg_vs_gggamma_again.pdf>
<../example_big_gggamma.pdf, id=96, 573.14125pt x 614.295pt>
File: ../example_big_gggamma.pdf Graphic file (type pdf)

<use ../example_big_gggamma.pdf> [7 <../ggg_vs_gggamma_again.pdf> <../example_b
ig_gggamma.pdf>]
Overfull \hbox (7.10786pt too wide) in paragraph at lines 272--275
 [] 
 []

<../mc_overmodelling_shower_pileup.pdf, id=109, 569.12625pt x 569.12625pt>
File: ../mc_overmodelling_shower_pileup.pdf Graphic file (type pdf)

<use ../mc_overmodelling_shower_pileup.pdf>
<../mc_overmodelling_shower_pileup2.pdf, id=110, 569.12625pt x 569.12625pt>
File: ../mc_overmodelling_shower_pileup2.pdf Graphic file (type pdf)

<use ../mc_overmodelling_shower_pileup2.pdf>
<../mc_overmodelling_shower_pileup3.pdf, id=111, 569.12625pt x 569.12625pt>
File: ../mc_overmodelling_shower_pileup3.pdf Graphic file (type pdf)

<use ../mc_overmodelling_shower_pileup3.pdf>
Overfull \hbox (7.10786pt too wide) in paragraph at lines 277--282
 [][] 
 []

[8 <../mc_overmodelling_shower_pileup.pdf> <../mc_overmodelling_shower_pileup2.
pdf> <../mc_overmodelling_shower_pileup3.pdf>]
Overfull \hbox (7.10786pt too wide) in paragraph at lines 309--312
 [] 
 []

<../tables5/all1_bblumi_normcc_p2.pdf, id=121, 508.90125pt x 508.90125pt>
File: ../tables5/all1_bblumi_normcc_p2.pdf Graphic file (type pdf)

<use ../tables5/all1_bblumi_normcc_p2.pdf>
<../tables5/all2_bblumi_normcc_p2.pdf, id=122, 508.90125pt x 508.90125pt>
File: ../tables5/all2_bblumi_normcc_p2.pdf Graphic file (type pdf)

<use ../tables5/all2_bblumi_normcc_p2.pdf>
<../tables5/all3_bblumi_normcc_p2.pdf, id=123, 508.90125pt x 508.90125pt>
File: ../tables5/all3_bblumi_normcc_p2.pdf Graphic file (type pdf)

<use ../tables5/all3_bblumi_normcc_p2.pdf>
Overfull \hbox (7.10786pt too wide) in paragraph at lines 314--319
 [][] 
 []

[9 <../tables5/all1_bblumi_normcc_p2.pdf> <../tables5/all2_bblumi_normcc_p2.pdf
> <../tables5/all3_bblumi_normcc_p2.pdf>]
Overfull \hbox (7.10786pt too wide) in paragraph at lines 352--355
 [] 
 []

<../tables5/all1_bblumi_normcc_wz.pdf, id=133, 508.90125pt x 508.90125pt>
File: ../tables5/all1_bblumi_normcc_wz.pdf Graphic file (type pdf)

<use ../tables5/all1_bblumi_normcc_wz.pdf>
<../tables5/all2_bblumi_normcc_wz.pdf, id=134, 508.90125pt x 508.90125pt>
File: ../tables5/all2_bblumi_normcc_wz.pdf Graphic file (type pdf)

<use ../tables5/all2_bblumi_normcc_wz.pdf>
<../tables5/all3_bblumi_normcc_wz.pdf, id=135, 508.90125pt x 508.90125pt>
File: ../tables5/all3_bblumi_normcc_wz.pdf Graphic file (type pdf)

<use ../tables5/all3_bblumi_normcc_wz.pdf>
Overfull \hbox (7.10786pt too wide) in paragraph at lines 357--362
 [][] 
 []


Overfull \hbox (7.10786pt too wide) in paragraph at lines 378--383
 [] 
 []

[10 <../tables5/all1_bblumi_normcc_wz.pdf> <../tables5/all2_bblumi_normcc_wz.pd
f> <../tables5/all3_bblumi_normcc_wz.pdf>]
Overfull \hbox (7.10786pt too wide) in paragraph at lines 395--398
 [] 
 []

<../tables5/all1_bblumi_normcc_visen.pdf, id=145, 508.90125pt x 508.90125pt>
File: ../tables5/all1_bblumi_normcc_visen.pdf Graphic file (type pdf)

<use ../tables5/all1_bblumi_normcc_visen.pdf>
<../tables5/all2_bblumi_normcc_visen.pdf, id=146, 508.90125pt x 508.90125pt>
File: ../tables5/all2_bblumi_normcc_visen.pdf Graphic file (type pdf)

<use ../tables5/all2_bblumi_normcc_visen.pdf>
<../tables5/all3_bblumi_normcc_visen.pdf, id=147, 508.90125pt x 508.90125pt>
File: ../tables5/all3_bblumi_normcc_visen.pdf Graphic file (type pdf)

<use ../tables5/all3_bblumi_normcc_visen.pdf>
Overfull \hbox (7.10786pt too wide) in paragraph at lines 400--405
 [][] 
 []

[11 <../tables5/all1_bblumi_normcc_visen.pdf> <../tables5/all2_bblumi_normcc_vi
sen.pdf> <../tables5/all3_bblumi_normcc_visen.pdf>]
File: ../tables5/all3_bblumi_normcc_visen.pdf Graphic file (type pdf)

<use ../tables5/all3_bblumi_normcc_visen.pdf>
<../tables5/all3_bblumi_coolcc_visen.pdf, id=157, 508.90125pt x 508.90125pt>
File: ../tables5/all3_bblumi_coolcc_visen.pdf Graphic file (type pdf)

<use ../tables5/all3_bblumi_coolcc_visen.pdf> [12 <../tables5/all3_bblumi_coolc
c_visen.pdf>]
Overfull \hbox (7.10786pt too wide) in paragraph at lines 459--462
 [] 
 []

<../tables5/all1_bblumi_normcc_tracks.pdf, id=163, 508.90125pt x 508.90125pt>
File: ../tables5/all1_bblumi_normcc_tracks.pdf Graphic file (type pdf)

<use ../tables5/all1_bblumi_normcc_tracks.pdf>
<../tables5/all2_bblumi_normcc_tracks.pdf, id=164, 508.90125pt x 508.90125pt>
File: ../tables5/all2_bblumi_normcc_tracks.pdf Graphic file (type pdf)

<use ../tables5/all2_bblumi_normcc_tracks.pdf>
<../tables5/all3_bblumi_normcc_tracks.pdf, id=165, 508.90125pt x 508.90125pt>
File: ../tables5/all3_bblumi_normcc_tracks.pdf Graphic file (type pdf)

<use ../tables5/all3_bblumi_normcc_tracks.pdf>
Overfull \hbox (7.10786pt too wide) in paragraph at lines 464--469
 [][] 
 []

[13 <../tables5/all1_bblumi_normcc_tracks.pdf> <../tables5/all2_bblumi_normcc_t
racks.pdf> <../tables5/all3_bblumi_normcc_tracks.pdf>]
Overfull \hbox (7.10786pt too wide) in paragraph at lines 489--492
 [] 
 []

<../tables5/all1_bblumi_normcc_ccen.pdf, id=176, 508.90125pt x 508.90125pt>
File: ../tables5/all1_bblumi_normcc_ccen.pdf Graphic file (type pdf)

<use ../tables5/all1_bblumi_normcc_ccen.pdf>
<../tables5/all2_bblumi_normcc_ccen.pdf, id=177, 508.90125pt x 508.90125pt>
File: ../tables5/all2_bblumi_normcc_ccen.pdf Graphic file (type pdf)

<use ../tables5/all2_bblumi_normcc_ccen.pdf>
<../tables5/all3_bblumi_normcc_ccen.pdf, id=178, 508.90125pt x 508.90125pt>
File: ../tables5/all3_bblumi_normcc_ccen.pdf Graphic file (type pdf)

<use ../tables5/all3_bblumi_normcc_ccen.pdf>
Overfull \hbox (7.10786pt too wide) in paragraph at lines 494--499
 [][] 
 []

[14 <../tables5/all1_bblumi_normcc_ccen.pdf> <../tables5/all2_bblumi_normcc_cce
n.pdf> <../tables5/all3_bblumi_normcc_ccen.pdf>] [15] (./talk.aux) ) 
Here is how much of TeX's memory you used:
 1025 strings out of 50453
 16764 string characters out of 688420
 59658 words of memory out of 1500001
 4040 multiletter control sequences out of 10000+25000
 6727 words of font info for 24 fonts, out of 400000 for 1000
 14 hyphenation exceptions out of 10000
 25i,19n,21p,199b,375s stack positions out of 3000i,500n,3000p,50000b,5000s
</usr/share
/texmf/fonts/type1/bluesky/cm/cmex10.pfb></usr/share/texmf/fonts/type1/bluesky/
cm/cmsy10.pfb></usr/share/texmf/fonts/type1/bluesky/cm/cmr12.pfb></usr/share/te
xmf/fonts/type1/bluesky/cm/cmti12.pfb></usr/share/texmf/fonts/type1/bluesky/cm/
cmmi12.pfb></usr/share/texmf/fonts/type1/bluesky/cm/cmr17.pfb>
Output written on talk.pdf (15 pages, 578036 bytes).
