This is pdfTeX, Version 3.14159-14h-released-20010417 (Web2C 7.3.3.1) (format=pdflatex 2003.2.18)  16 JUN 2004 21:15
**withmatching.tex
(./withmatching.tex{/usr/share/texmf/pdftex/config/pdftex.cfg}
LaTeX2e <2001/06/01>
Babel <v3.7h> and hyphenation patterns for american, french, german, ngerman, i
talian, nohyphenation, loaded.
(/usr/share/texmf/tex/latex/base/article.cls
Document Class: article 2001/04/21 v1.4e Standard LaTeX document class
(/usr/share/texmf/tex/latex/base/size10.clo
File: size10.clo 2001/04/21 v1.4e Standard LaTeX file (size option)
)
\c@part=\count79
\c@section=\count80
\c@subsection=\count81
\c@subsubsection=\count82
\c@paragraph=\count83
\c@subparagraph=\count84
\c@figure=\count85
\c@table=\count86
\abovecaptionskip=\skip41
\belowcaptionskip=\skip42
\bibindent=\dimen102
)
(/usr/share/texmf/tex/latex/graphics/graphicx.sty
Package: graphicx 1999/02/16 v1.0f Enhanced LaTeX Graphics (DPC,SPQR)

(/usr/share/texmf/tex/latex/graphics/keyval.sty
Package: keyval 1999/03/16 v1.13 key=value parser (DPC)
\KV@toks@=\toks14
)
(/usr/share/texmf/tex/latex/graphics/graphics.sty
Package: graphics 2001/07/07 v1.0n Standard LaTeX Graphics (DPC,SPQR)

(/usr/share/texmf/tex/latex/graphics/trig.sty
Package: trig 1999/03/16 v1.09 sin cos tan (DPC)
)
(/usr/share/texmf/tex/latex/config/graphics.cfg)
Package graphics Info: Driver file: pdftex.def on input line 80.

(/usr/share/texmf/tex/latex/graphics/pdftex.def
File: pdftex.def 2001/11/29 v0.03i graphics/color for pdftex
\Gread@gobject=\count87
))
\Gin@req@height=\dimen103
\Gin@req@width=\dimen104
) (./withmatching.aux)
\openout1 = `withmatching.aux'.

LaTeX Font Info:    Checking defaults for OML/cmm/m/it on input line 10.
LaTeX Font Info:    ... okay on input line 10.
LaTeX Font Info:    Checking defaults for T1/cmr/m/n on input line 10.
LaTeX Font Info:    ... okay on input line 10.
LaTeX Font Info:    Checking defaults for OT1/cmr/m/n on input line 10.
LaTeX Font Info:    ... okay on input line 10.
LaTeX Font Info:    Checking defaults for OMS/cmsy/m/n on input line 10.
LaTeX Font Info:    ... okay on input line 10.
LaTeX Font Info:    Checking defaults for OMX/cmex/m/n on input line 10.
LaTeX Font Info:    ... okay on input line 10.
LaTeX Font Info:    Checking defaults for U/cmr/m/n on input line 10.
LaTeX Font Info:    ... okay on input line 10.

(/usr/share/texmf/tex/context/base/supp-pdf.tex
(/usr/share/texmf/tex/context/base/supp-mis.tex
loading : Context Support Macros / Missing
\protectiondepth=\count88
\scratchcounter=\count89
\scratchtoks=\toks15
\scratchdimen=\dimen105
\scratchskip=\skip43
\scratchmuskip=\muskip10
\scratchbox=\box26
\scratchread=\read1
\scratchwrite=\write3
\zeropoint=\dimen106
\nextbox=\box27
\nextdepth=\dimen107
\everyline=\toks16
\!!counta=\count90
\!!countb=\count91
\recursecounter=\count92
)
loading : Context Support Macros / PDF
\nofMPsegments=\count93
\nofMParguments=\count94
\everyMPtoPDFconversion=\toks17
) <mcvsdata_matching.pdf, id=1, 569.12625pt x 569.12625pt>
File: mcvsdata_matching.pdf Graphic file (type pdf)

<use mcvsdata_matching.pdf>
LaTeX Font Info:    External font `cmex10' loaded for size
(Font)              <12> on input line 30.
LaTeX Font Info:    External font `cmex10' loaded for size
(Font)              <8> on input line 30.
LaTeX Font Info:    External font `cmex10' loaded for size
(Font)              <6> on input line 30.
 [1

{/usr/share/texmf/dvips/config/pdftex.map} <./mcvsdata_matching.pdf>] <withmatc
hing_1.pdf, id=20, 569.12625pt x 569.12625pt>
File: withmatching_1.pdf Graphic file (type pdf)

<use withmatching_1.pdf>
LaTeX Font Info:    External font `cmex10' loaded for size
(Font)              <14.4> on input line 36.
LaTeX Font Info:    External font `cmex10' loaded for size
(Font)              <7> on input line 36.
 [2 <./withmatching_1.pdf>]
<withmatching_2.pdf, id=38, 569.12625pt x 569.12625pt>
File: withmatching_2.pdf Graphic file (type pdf)

<use withmatching_2.pdf> [3 <./withmatching_2.pdf>]
<withmatching_3.pdf, id=47, 569.12625pt x 569.12625pt>
File: withmatching_3.pdf Graphic file (type pdf)

<use withmatching_3.pdf> [4 <./withmatching_3.pdf>]
<withmatching_4.pdf, id=53, 569.12625pt x 569.12625pt>
File: withmatching_4.pdf Graphic file (type pdf)

<use withmatching_4.pdf> [5 <./withmatching_4.pdf>]
<withmatching_5.pdf, id=59, 569.12625pt x 569.12625pt>
File: withmatching_5.pdf Graphic file (type pdf)

<use withmatching_5.pdf> [6 <./withmatching_5.pdf>]
<withmatching_6.pdf, id=65, 569.12625pt x 569.12625pt>
File: withmatching_6.pdf Graphic file (type pdf)

<use withmatching_6.pdf> [7 <./withmatching_6.pdf>]
<withmatching_7.pdf, id=72, 569.12625pt x 569.12625pt>
File: withmatching_7.pdf Graphic file (type pdf)

<use withmatching_7.pdf> [8 <./withmatching_7.pdf>] (./withmatching.aux) ) 
Here is how much of TeX's memory you used:
 907 strings out of 50453
 11276 string characters out of 688420
 55658 words of memory out of 1500001
 3943 multiletter control sequences out of 10000+25000
 8112 words of font info for 29 fonts, out of 400000 for 1000
 14 hyphenation exceptions out of 10000
 25i,4n,21p,207b,173s stack positions out of 3000i,500n,3000p,50000b,5000s
</usr
/share/texmf/fonts/type1/bluesky/cm/cmti12.pfb></usr/share/texmf/fonts/type1/bl
uesky/cm/cmr8.pfb></usr/share/texmf/fonts/type1/bluesky/cm/cmsy8.pfb></usr/shar
e/texmf/fonts/type1/bluesky/cm/cmr10.pfb></usr/share/texmf/fonts/type1/bluesky/
cm/cmbx12.pfb></usr/share/texmf/fonts/type1/bluesky/cm/cmmi12.pfb></usr/share/t
exmf/fonts/type1/bluesky/cm/cmsy10.pfb></usr/share/texmf/fonts/type1/bluesky/cm
/cmtt12.pfb></usr/share/texmf/fonts/type1/bluesky/cm/cmr12.pfb>
Output written on withmatching.pdf (8 pages, 152400 bytes).
