This is pdfTeX, Version 3.14159-14h-released-20010417 (Web2C 7.3.3.1) (format=pdflatex 2003.2.18)  20 JUL 2004 11:41
**pretty_plots.tex
(./pretty_plots.tex{/usr/share/texmf/pdftex/config/pdftex.cfg}
LaTeX2e <2001/06/01>
Babel <v3.7h> and hyphenation patterns for american, french, german, ngerman, i
talian, nohyphenation, loaded.
(/usr/share/texmf/tex/latex/base/article.cls
Document Class: article 2001/04/21 v1.4e Standard LaTeX document class
(/usr/share/texmf/tex/latex/base/size10.clo
File: size10.clo 2001/04/21 v1.4e Standard LaTeX file (size option)
)
\c@part=\count79
\c@section=\count80
\c@subsection=\count81
\c@subsubsection=\count82
\c@paragraph=\count83
\c@subparagraph=\count84
\c@figure=\count85
\c@table=\count86
\abovecaptionskip=\skip41
\belowcaptionskip=\skip42
\bibindent=\dimen102
)
(/usr/share/texmf/tex/latex/graphics/graphicx.sty
Package: graphicx 1999/02/16 v1.0f Enhanced LaTeX Graphics (DPC,SPQR)

(/usr/share/texmf/tex/latex/graphics/keyval.sty
Package: keyval 1999/03/16 v1.13 key=value parser (DPC)
\KV@toks@=\toks14
)
(/usr/share/texmf/tex/latex/graphics/graphics.sty
Package: graphics 2001/07/07 v1.0n Standard LaTeX Graphics (DPC,SPQR)

(/usr/share/texmf/tex/latex/graphics/trig.sty
Package: trig 1999/03/16 v1.09 sin cos tan (DPC)
)
(/usr/share/texmf/tex/latex/config/graphics.cfg)
Package graphics Info: Driver file: pdftex.def on input line 80.

(/usr/share/texmf/tex/latex/graphics/pdftex.def
File: pdftex.def 2001/11/29 v0.03i graphics/color for pdftex
\Gread@gobject=\count87
))
\Gin@req@height=\dimen103
\Gin@req@width=\dimen104
) (./pretty_plots.aux)
\openout1 = `pretty_plots.aux'.

LaTeX Font Info:    Checking defaults for OML/cmm/m/it on input line 23.
LaTeX Font Info:    ... okay on input line 23.
LaTeX Font Info:    Checking defaults for T1/cmr/m/n on input line 23.
LaTeX Font Info:    ... okay on input line 23.
LaTeX Font Info:    Checking defaults for OT1/cmr/m/n on input line 23.
LaTeX Font Info:    ... okay on input line 23.
LaTeX Font Info:    Checking defaults for OMS/cmsy/m/n on input line 23.
LaTeX Font Info:    ... okay on input line 23.
LaTeX Font Info:    Checking defaults for OMX/cmex/m/n on input line 23.
LaTeX Font Info:    ... okay on input line 23.
LaTeX Font Info:    Checking defaults for U/cmr/m/n on input line 23.
LaTeX Font Info:    ... okay on input line 23.

(/usr/share/texmf/tex/context/base/supp-pdf.tex
(/usr/share/texmf/tex/context/base/supp-mis.tex
loading : Context Support Macros / Missing
\protectiondepth=\count88
\scratchcounter=\count89
\scratchtoks=\toks15
\scratchdimen=\dimen105
\scratchskip=\skip43
\scratchmuskip=\muskip10
\scratchbox=\box26
\scratchread=\read1
\scratchwrite=\write3
\zeropoint=\dimen106
\nextbox=\box27
\nextdepth=\dimen107
\everyline=\toks16
\!!counta=\count90
\!!countb=\count91
\recursecounter=\count92
)
loading : Context Support Macros / PDF
\nofMPsegments=\count93
\nofMParguments=\count94
\everyMPtoPDFconversion=\toks17
) <pretty_1.pdf, id=1, 569.12625pt x 569.12625pt>
File: pretty_1.pdf Graphic file (type pdf)
 <use pretty_1.pdf> [1

 <./pretty_1.pdf>] <pretty_2.pdf, id=8, 569.12625pt x 569.12625pt>
File: pretty_2.pdf Graphic file (type pdf)
 <use pretty_2.pdf>
[2 <./pretty_2.pdf>] <pretty_3.pdf, id=14, 569.12625pt x 569.12625pt>
File: pretty_3.pdf Graphic file (type pdf)

<use pretty_3.pdf> [3 <./pretty_3.pdf>]
<pretty_4.pdf, id=20, 569.12625pt x 569.12625pt>
File: pretty_4.pdf Graphic file (type pdf)
 <use pretty_4.pdf> [4 <./pretty_4.pdf>] <pretty_5.pdf, id=26, 569.12625pt x 56
9.12625pt>
File: pretty_5.pdf Graphic file (type pdf)
 <use pretty_5.pdf>
[5 <./pretty_5.pdf>] <pretty_6.pdf, id=32, 569.12625pt x 569.12625pt>
File: pretty_6.pdf Graphic file (type pdf)

<use pretty_6.pdf> [6 <./pretty_6.pdf>]
<pretty_7.pdf, id=38, 569.12625pt x 569.12625pt>
File: pretty_7.pdf Graphic file (type pdf)
 <use pretty_7.pdf> [7 <./pretty_7.pdf>] <pretty_8.pdf, id=45, 569.12625pt x 56
9.12625pt>
File: pretty_8.pdf Graphic file (type pdf)
 <use pretty_8.pdf>
[8 <./pretty_8.pdf>] <pretty_9.pdf, id=51, 569.12625pt x 569.12625pt>
File: pretty_9.pdf Graphic file (type pdf)

<use pretty_9.pdf> [9 <./pretty_9.pdf>] (./pretty_plots.aux) ) 
Here is how much of TeX's memory you used:
 882 strings out of 50453
 10758 string characters out of 688420
 55658 words of memory out of 1500001
 3928 multiletter control sequences out of 10000+25000
 3939 words of font info for 15 fonts, out of 400000 for 1000
 14 hyphenation exceptions out of 10000
 25i,4n,21p,207b,173s stack positions out of 3000i,500n,3000p,50000b,5000s

Output written on pretty_plots.pdf (9 pages, 98609 bytes).
