This is pdfTeX, Version 3.14159-14h-released-20010417 (Web2C 7.3.3.1) (format=pdflatex 2003.2.18)  22 JUL 2004 12:58
**two_leptons.tex
(./two_leptons.tex{/usr/share/texmf/pdftex/config/pdftex.cfg}
LaTeX2e <2001/06/01>
Babel <v3.7h> and hyphenation patterns for american, french, german, ngerman, i
talian, nohyphenation, loaded.
(/usr/share/texmf/tex/latex/base/article.cls
Document Class: article 2001/04/21 v1.4e Standard LaTeX document class
(/usr/share/texmf/tex/latex/base/size10.clo
File: size10.clo 2001/04/21 v1.4e Standard LaTeX file (size option)
)
\c@part=\count79
\c@section=\count80
\c@subsection=\count81
\c@subsubsection=\count82
\c@paragraph=\count83
\c@subparagraph=\count84
\c@figure=\count85
\c@table=\count86
\abovecaptionskip=\skip41
\belowcaptionskip=\skip42
\bibindent=\dimen102
)
(/usr/share/texmf/tex/latex/graphics/graphicx.sty
Package: graphicx 1999/02/16 v1.0f Enhanced LaTeX Graphics (DPC,SPQR)

(/usr/share/texmf/tex/latex/graphics/keyval.sty
Package: keyval 1999/03/16 v1.13 key=value parser (DPC)
\KV@toks@=\toks14
)
(/usr/share/texmf/tex/latex/graphics/graphics.sty
Package: graphics 2001/07/07 v1.0n Standard LaTeX Graphics (DPC,SPQR)

(/usr/share/texmf/tex/latex/graphics/trig.sty
Package: trig 1999/03/16 v1.09 sin cos tan (DPC)
)
(/usr/share/texmf/tex/latex/config/graphics.cfg)
Package graphics Info: Driver file: pdftex.def on input line 80.

(/usr/share/texmf/tex/latex/graphics/pdftex.def
File: pdftex.def 2001/11/29 v0.03i graphics/color for pdftex
\Gread@gobject=\count87
))
\Gin@req@height=\dimen103
\Gin@req@width=\dimen104
) (./two_leptons.aux)
\openout1 = `two_leptons.aux'.

LaTeX Font Info:    Checking defaults for OML/cmm/m/it on input line 23.
LaTeX Font Info:    ... okay on input line 23.
LaTeX Font Info:    Checking defaults for T1/cmr/m/n on input line 23.
LaTeX Font Info:    ... okay on input line 23.
LaTeX Font Info:    Checking defaults for OT1/cmr/m/n on input line 23.
LaTeX Font Info:    ... okay on input line 23.
LaTeX Font Info:    Checking defaults for OMS/cmsy/m/n on input line 23.
LaTeX Font Info:    ... okay on input line 23.
LaTeX Font Info:    Checking defaults for OMX/cmex/m/n on input line 23.
LaTeX Font Info:    ... okay on input line 23.
LaTeX Font Info:    Checking defaults for U/cmr/m/n on input line 23.
LaTeX Font Info:    ... okay on input line 23.

(/usr/share/texmf/tex/context/base/supp-pdf.tex
(/usr/share/texmf/tex/context/base/supp-mis.tex
loading : Context Support Macros / Missing
\protectiondepth=\count88
\scratchcounter=\count89
\scratchtoks=\toks15
\scratchdimen=\dimen105
\scratchskip=\skip43
\scratchmuskip=\muskip10
\scratchbox=\box26
\scratchread=\read1
\scratchwrite=\write3
\zeropoint=\dimen106
\nextbox=\box27
\nextdepth=\dimen107
\everyline=\toks16
\!!counta=\count90
\!!countb=\count91
\recursecounter=\count92
)
loading : Context Support Macros / PDF
\nofMPsegments=\count93
\nofMParguments=\count94
\everyMPtoPDFconversion=\toks17
)
LaTeX Font Info:    External font `cmex10' loaded for size
(Font)              <17.28> on input line 28.
LaTeX Font Info:    External font `cmex10' loaded for size
(Font)              <12> on input line 28.
 <two_leptons_1.pdf, id=1, 569.12625pt x 569.12625pt>
File: two_leptons_1.pdf Graphic file (type pdf)
 <use two_leptons_1.pdf>
<two_leptons_signal.pdf, id=2, 151.56625pt x 168.63pt>
File: two_leptons_signal.pdf Graphic file (type pdf)

<use two_leptons_signal.pdf>
<two_leptons_background.pdf, id=3, 159.59625pt x 168.63pt>
File: two_leptons_background.pdf Graphic file (type pdf)

<use two_leptons_background.pdf>
<two_leptons_background2.pdf, id=4, 173.64874pt x 168.63pt>
File: two_leptons_background2.pdf Graphic file (type pdf)

<use two_leptons_background2.pdf> [1

{/usr/share/texmf/dvips/config/pdftex.map} <./two_leptons_1.pdf> <./two_leptons
_signal.pdf> <./two_leptons_background.pdf> <./two_leptons_background2.pdf>]
<two_leptons_2.pdf, id=44, 569.12625pt x 569.12625pt>
File: two_leptons_2.pdf Graphic file (type pdf)
 <use two_leptons_2.pdf>
Underfull \hbox (badness 6758) in paragraph at lines 53--54
/cmr17/cays into same-
 []


Underfull \hbox (badness 10000) in paragraph at lines 56--57
[]/cmr17/Backgrounds are
 []


Underfull \hbox (badness 7704) in paragraph at lines 56--57
/cmr17/50% same-flavor,
 []

<two_leptons_signal2.pdf, id=45, 173.64874pt x 168.63pt>
File: two_leptons_signal2.pdf Graphic file (type pdf)

<use two_leptons_signal2.pdf>
Underfull \hbox (badness 10000) in paragraph at lines 59--61
[]/cmr17/Another sig-nal:
 []


Overfull \hbox (14.22638pt too wide) in paragraph at lines 52--62
[]$[]$| 
 []

[2 <./two_leptons_2.pdf> <./two_leptons_signal2.pdf>] (./two_leptons.aux) ) 
Here is how much of TeX's memory you used:
 877 strings out of 50453
 10946 string characters out of 688420
 55658 words of memory out of 1500001
 3923 multiletter control sequences out of 10000+25000
 5467 words of font info for 20 fonts, out of 400000 for 1000
 14 hyphenation exceptions out of 10000
 25i,14n,21p,206b,410s stack positions out of 3000i,500n,3000p,50000b,5000s
</us
r/share/texmf/fonts/type1/bluesky/cm/cmr17.pfb>
Output written on two_leptons.pdf (2 pages, 61430 bytes).
