This is pdfTeX, Version 3.14159-14h-released-20010417 (Web2C 7.3.3.1) (format=pdflatex 2003.2.18)  10 JUN 2005 10:04
**talk.tex
(./talk.tex{/usr/share/texmf/pdftex/config/pdftex.cfg}
LaTeX2e <2001/06/01>
Babel <v3.7h> and hyphenation patterns for american, french, german, ngerman, i
talian, nohyphenation, loaded.
(/usr/share/texmf/tex/latex/base/article.cls
Document Class: article 2001/04/21 v1.4e Standard LaTeX document class
(/usr/share/texmf/tex/latex/base/size10.clo
File: size10.clo 2001/04/21 v1.4e Standard LaTeX file (size option)
)
\c@part=\count79
\c@section=\count80
\c@subsection=\count81
\c@subsubsection=\count82
\c@paragraph=\count83
\c@subparagraph=\count84
\c@figure=\count85
\c@table=\count86
\abovecaptionskip=\skip41
\belowcaptionskip=\skip42
\bibindent=\dimen102
)
(/usr/share/texmf/tex/latex/graphics/graphicx.sty
Package: graphicx 1999/02/16 v1.0f Enhanced LaTeX Graphics (DPC,SPQR)

(/usr/share/texmf/tex/latex/graphics/keyval.sty
Package: keyval 1999/03/16 v1.13 key=value parser (DPC)
\KV@toks@=\toks14
)
(/usr/share/texmf/tex/latex/graphics/graphics.sty
Package: graphics 2001/07/07 v1.0n Standard LaTeX Graphics (DPC,SPQR)

(/usr/share/texmf/tex/latex/graphics/trig.sty
Package: trig 1999/03/16 v1.09 sin cos tan (DPC)
)
(/usr/share/texmf/tex/latex/config/graphics.cfg)
Package graphics Info: Driver file: pdftex.def on input line 80.

(/usr/share/texmf/tex/latex/graphics/pdftex.def
File: pdftex.def 2001/11/29 v0.03i graphics/color for pdftex
\Gread@gobject=\count87
))
\Gin@req@height=\dimen103
\Gin@req@width=\dimen104
) (./talk.aux)
\openout1 = `talk.aux'.

LaTeX Font Info:    Checking defaults for OML/cmm/m/it on input line 12.
LaTeX Font Info:    ... okay on input line 12.
LaTeX Font Info:    Checking defaults for T1/cmr/m/n on input line 12.
LaTeX Font Info:    ... okay on input line 12.
LaTeX Font Info:    Checking defaults for OT1/cmr/m/n on input line 12.
LaTeX Font Info:    ... okay on input line 12.
LaTeX Font Info:    Checking defaults for OMS/cmsy/m/n on input line 12.
LaTeX Font Info:    ... okay on input line 12.
LaTeX Font Info:    Checking defaults for OMX/cmex/m/n on input line 12.
LaTeX Font Info:    ... okay on input line 12.
LaTeX Font Info:    Checking defaults for U/cmr/m/n on input line 12.
LaTeX Font Info:    ... okay on input line 12.

(/usr/share/texmf/tex/context/base/supp-pdf.tex
(/usr/share/texmf/tex/context/base/supp-mis.tex
loading : Context Support Macros / Missing
\protectiondepth=\count88
\scratchcounter=\count89
\scratchtoks=\toks15
\scratchdimen=\dimen105
\scratchskip=\skip43
\scratchmuskip=\muskip10
\scratchbox=\box26
\scratchread=\read1
\scratchwrite=\write3
\zeropoint=\dimen106
\nextbox=\box27
\nextdepth=\dimen107
\everyline=\toks16
\!!counta=\count90
\!!countb=\count91
\recursecounter=\count92
)
loading : Context Support Macros / PDF
\nofMPsegments=\count93
\nofMParguments=\count94
\everyMPtoPDFconversion=\toks17
) <title.pdf, id=1, 136.51pt x 73.27374pt>
File: title.pdf Graphic file (type pdf)
 <use title.pdf> [1

{/usr/share/texmf/dvips/config/pdftex.map} <./title.pdf>]
LaTeX Font Info:    External font `cmex10' loaded for size
(Font)              <24.88> on input line 52.
LaTeX Font Info:    External font `cmex10' loaded for size
(Font)              <20.74> on input line 52.
LaTeX Font Info:    External font `cmex10' loaded for size
(Font)              <17.28> on input line 52.
 [2]
<cleo_detector.pdf, id=21, 771.88374pt x 612.2875pt>
File: cleo_detector.pdf Graphic file (type pdf)
 <use cleo_detector.pdf>
[3 <./cleo_detector.pdf>] <quarter_view2.pdf, id=41, 616.3025pt x 506.89375pt>
File: quarter_view2.pdf Graphic file (type pdf)

<use quarter_view2.pdf> [4 <./quarter_view2.pdf>] [5]
<suezwork.pdf, id=63, 656.4525pt x 435.6275pt>
File: suezwork.pdf Graphic file (type pdf)
 <use suezwork.pdf> [6 <./suezwork.pdf>] [7] <diagram_jpsi.pdf, id=78, 741.7712
6pt x 230.8625pt>
File: diagram_jpsi.pdf Graphic file (type pdf)

<use diagram_jpsi.pdf> <diagram_etac.pdf, id=79, 741.77126pt x 230.8625pt>
File: diagram_etac.pdf Graphic file (type pdf)

<use diagram_etac.pdf>
Overfull \hbox (8.08601pt too wide) in paragraph at lines 163--168
[][] 
 []

[8 <./diagram_jpsi.pdf> <./diagram_etac.pdf>]
LaTeX Font Info:    External font `cmex10' loaded for size
(Font)              <14.4> on input line 185.
LaTeX Font Info:    External font `cmex10' loaded for size
(Font)              <12> on input line 185.

<track_parameters.pdf, id=124, 165.61874pt x 188.705pt>
File: track_parameters.pdf Graphic file (type pdf)

<use track_parameters.pdf> [9 <./track_parameters.pdf>] [10] [11]
Overfull \hbox (6.44386pt too wide) in paragraph at lines 293--295
/cmtt12@17.28pt/http://www.lns.cornell.edu/restricted/webtools/doxygen/Offline/
html/hierarchy.html 
 []

[12] <dedx.pdf, id=150, 569.12625pt x 569.12625pt>
File: dedx.pdf Graphic file (type pdf)
 <use dedx.pdf>
Overfull \hbox (30.4642pt too wide) in paragraph at lines 318--318
 [] 
 []

<rich_kpisep2.pdf, id=151, 477.785pt x 501.875pt>
File: rich_kpisep2.pdf Graphic file (type pdf)
 <use rich_kpisep2.pdf>
[13 <./dedx.pdf> <./rich_kpisep2.pdf>] [14] [15]
<2lambdas_sidebyside_small.pdf, id=192, 1051.93pt x 746.79pt>
File: 2lambdas_sidebyside_small.pdf Graphic file (type pdf)

<use 2lambdas_sidebyside_small.pdf>
<lambdamass.pdf, id=193, 276.03125pt x 276.03125pt>
File: lambdamass.pdf Graphic file (type pdf)
 <use lambdamass.pdf>
[16 <./2lambdas_sidebyside_small.pdf> <./lambdamass.pdf>] (./talk.aux) ) 
Here is how much of TeX's memory you used:
 930 strings out of 50453
 11605 string characters out of 688420
 57688 words of memory out of 1500001
 3968 multiletter control sequences out of 10000+25000
 9845 words of font info for 36 fonts, out of 400000 for 1000
 14 hyphenation exceptions out of 10000
 25i,14n,21p,238b,483s stack positions out of 3000i,500n,3000p,50000b,5000s
</usr/s
hare/texmf/fonts/type1/bluesky/cm/cmex10.pfb></usr/share/texmf/fonts/type1/blue
sky/cm/cmbx12.pfb></usr/share/texmf/fonts/type1/bluesky/cm/cmr12.pfb></usr/shar
e/texmf/fonts/type1/bluesky/cm/cmr10.pfb></usr/share/texmf/fonts/type1/bluesky/
cm/cmsy10.pfb></usr/share/texmf/fonts/type1/bluesky/cm/cmmi12.pfb></usr/share/t
exmf/fonts/type1/bluesky/cm/cmtt12.pfb></usr/share/texmf/fonts/type1/bluesky/cm
/cmti12.pfb></usr/share/texmf/fonts/type1/bluesky/cm/cmr17.pfb>
Output written on talk.pdf (16 pages, 2146361 bytes).
