This is TeX, Version 3.14159 (Web2C 7.3.1) (format=latex 2002.8.29)  7 MAR 2003 02:48
**rsg
(rsg.tex
LaTeX2e <2000/06/01>
Babel <v3.7h> and hyphenation patterns for american, french, german, ngerman, i
talian, nohyphenation, loaded.
(/usr/share/texmf/tex/latex/base/article.cls
Document Class: article 2000/05/19 v1.4b Standard LaTeX document class
(/usr/share/texmf/tex/latex/base/size12.clo
File: size12.clo 2000/05/19 v1.4b Standard LaTeX file (size option)
)
\c@part=\count79
\c@section=\count80
\c@subsection=\count81
\c@subsubsection=\count82
\c@paragraph=\count83
\c@subparagraph=\count84
\c@figure=\count85
\c@table=\count86
\abovecaptionskip=\skip41
\belowcaptionskip=\skip42
\bibindent=\dimen102
)
(/usr/share/texmf/tex/latex/graphics/graphicx.sty
Package: graphicx 1999/02/16 v1.0f Enhanced LaTeX Graphics (DPC,SPQR)

(/usr/share/texmf/tex/latex/graphics/keyval.sty
Package: keyval 1999/03/16 v1.13 key=value parser (DPC)
\KV@toks@=\toks14
)
(/usr/share/texmf/tex/latex/graphics/graphics.sty
Package: graphics 1999/02/16 v1.0l Standard LaTeX Graphics (DPC,SPQR)

(/usr/share/texmf/tex/latex/graphics/trig.sty
Package: trig 1999/03/16 v1.09 sin cos tan (DPC)
)
(/usr/share/texmf/tex/latex/config/graphics.cfg)
Package graphics Info: Driver file: dvips.def on input line 80.

(/usr/share/texmf/tex/latex/graphics/dvips.def
File: dvips.def 1999/02/16 v3.0i Driver-dependant file (DPC,SPQR)
))
\Gin@req@height=\dimen103
\Gin@req@width=\dimen104
) (rsg.aux)
\openout1 = `rsg.aux'.

LaTeX Font Info:    Checking defaults for OML/cmm/m/it on input line 35.
LaTeX Font Info:    ... okay on input line 35.
LaTeX Font Info:    Checking defaults for T1/cmr/m/n on input line 35.
LaTeX Font Info:    ... okay on input line 35.
LaTeX Font Info:    Checking defaults for OT1/cmr/m/n on input line 35.
LaTeX Font Info:    ... okay on input line 35.
LaTeX Font Info:    Checking defaults for OMS/cmsy/m/n on input line 35.
LaTeX Font Info:    ... okay on input line 35.
LaTeX Font Info:    Checking defaults for OMX/cmex/m/n on input line 35.
LaTeX Font Info:    ... okay on input line 35.
LaTeX Font Info:    Checking defaults for U/cmr/m/n on input line 35.
LaTeX Font Info:    ... okay on input line 35.
LaTeX Font Info:    External font `cmex10' loaded for size
(Font)              <12> on input line 41.
LaTeX Font Info:    External font `cmex10' loaded for size
(Font)              <8> on input line 41.
LaTeX Font Info:    External font `cmex10' loaded for size
(Font)              <6> on input line 41.
LaTeX Font Info:    External font `cmex10' loaded for size
(Font)              <14.4> on input line 54.
LaTeX Font Info:    External font `cmex10' loaded for size
(Font)              <7> on input line 54.
 [1

]
File: three_functions.eps Graphic file (type eps)

<three_functions.eps> [2]
File: bb_thresh.eps Graphic file (type eps)
 <bb_thresh.eps>
File: gamma_from_models.eps Graphic file (type eps)
 <gamma_from_models.eps>
File: peak_from_models.eps Graphic file (type eps)

<peak_from_models.eps> [3] [4] [5]
File: theopeaks.eps Graphic file (type eps)
 <theopeaks.eps>
File: exptpeaks.eps Graphic file (type eps)
 <exptpeaks.eps> [6] [7]
[8]
File: cleo_lumi_needed.eps Graphic file (type eps)
 <cleo_lumi_needed.eps> [9] [10] [11] (rsg.aux) ) 
Here is how much of TeX's memory you used:
 579 strings out of 20887
 6386 string characters out of 196241
 55718 words of memory out of 350001
 3561 multiletter control sequences out of 10000+15000
 9758 words of font info for 34 fonts, out of 400000 for 1000
 14 hyphenation exceptions out of 10000
 25i,16n,20p,513b,339s stack positions out of 3000i,100n,1500p,50000b,4000s

Output written on rsg.dvi (11 pages, 37248 bytes).
