This is TeX, Version 3.14159 (Web2C 7.3.1) (format=latex 2002.8.29)  30 JUL 2003 11:37
**cargese.tex
(cargese.tex
LaTeX2e <2000/06/01>
Babel <v3.7h> and hyphenation patterns for american, french, german, ngerman, i
talian, nohyphenation, loaded.
(/usr/share/texmf/tex/latex/base/latex209.def
File: latex209.def 1998/05/13 v0.52 Standard LaTeX file


          Entering LaTeX 2.09 COMPATIBILITY MODE
 *************************************************************
    !!WARNING!!    !!WARNING!!    !!WARNING!!    !!WARNING!!   
 
 This mode attempts to provide an emulation of the LaTeX 2.09
 author environment so that OLD documents can be successfully
 processed. It should NOT be used for NEW documents!
 
 New documents should use Standard LaTeX conventions and start
 with the \documentclass command.
 
 Compatibility mode is UNLIKELY TO WORK with LaTeX 2.09 style
 files that change any internal macros, especially not with
 those that change the FONT SELECTION or OUTPUT ROUTINES.
 
 Therefore such style files MUST BE UPDATED to use
          Current Standard LaTeX: LaTeX2e.
 If you suspect that you may be using such a style file, which
 is probably very, very old by now, then you should attempt to
 get it updated by sending a copy of this error message to the
 author of that file.
 *************************************************************

\footheight=\dimen102
\@maxsep=\dimen103
\@dblmaxsep=\dimen104
\@cla=\count79
\@clb=\count80
\mscount=\count81
(/usr/share/texmf/tex/latex/base/tracefnt.sty
Package: tracefnt 1997/05/29 v3.0j Standard LaTeX package (font tracing)
\tracingfonts=\count82
LaTeX Info: Redefining \selectfont on input line 96.
)
\symbold=\mathgroup4
\symsans=\mathgroup5
\symtypewriter=\mathgroup6
\symitalic=\mathgroup7
\symsmallcaps=\mathgroup8
\symslanted=\mathgroup9
LaTeX Font Info:    Redeclaring math alphabet \mathbf on input line 288.
LaTeX Font Info:    Redeclaring math alphabet \mathsf on input line 289.
LaTeX Font Info:    Redeclaring math alphabet \mathtt on input line 290.
LaTeX Font Info:    Redeclaring math alphabet \mathit on input line 296.
LaTeX Info: Redefining \em on input line 306.

(/usr/share/texmf/tex/latex/base/latexsym.sty
Package: latexsym 1998/08/17 v2.2e Standard LaTeX package (lasy symbols)
\symlasy=\mathgroup10
LaTeX Font Info:    Overwriting symbol font `lasy' in version `bold'
(Font)                  U/lasy/m/n --> U/lasy/b/n on input line 42.
)
LaTeX Font Info:    Redeclaring math delimiter \lgroup on input line 370.
LaTeX Font Info:    Redeclaring math delimiter \rgroup on input line 372.
LaTeX Font Info:    Redeclaring math delimiter \bracevert on input line 374.

(/usr/share/texmf/tex/latex/config/latex209.cfg)
(/usr/share/texmf/tex/latex/tools/rawfonts.sty
Package: rawfonts 1994/05/08 Low-level LaTeX 2.09 font compatibility

(/usr/share/texmf/tex/latex/tools/somedefs.sty
Package: somedefs 1994/06/01 Toolkit for optional definitions
)
LaTeX Font Info:    Try loading font information for U+lasy on input line 44.

(/usr/share/texmf/tex/latex/base/ulasy.fd
File: ulasy.fd 1998/08/17 v2.2eLaTeX symbol font definitions
)))
(/usr/share/texmf/tex/latex/seminar/seminar.cls
Document Class: seminar 1997/10/13, 1.4
Document Style: `seminar' v1.4 <1997/10/13> (tvz)
\slidewidth=\dimen105
\slideheight=\dimen106
\footheight=\dimen107
(/usr/share/texmf/tex/latex/base/article.cls
Document Class: article 2000/05/19 v1.4b Standard LaTeX document class
(/usr/share/texmf/tex/latex/base/size11.clo
File: size11.clo 2000/05/19 v1.4b Standard LaTeX file (size option)
)
\c@part=\count83
\c@section=\count84
\c@subsection=\count85
\c@subsubsection=\count86
\c@paragraph=\count87
\c@subparagraph=\count88
\c@figure=\count89
\c@table=\count90
\abovecaptionskip=\skip41
\belowcaptionskip=\skip42
Compatibility mode: definition of \rm ignored.
Compatibility mode: definition of \sf ignored.
Compatibility mode: definition of \tt ignored.
Compatibility mode: definition of \bf ignored.
Compatibility mode: definition of \it ignored.
Compatibility mode: definition of \sl ignored.
Compatibility mode: definition of \sc ignored.
LaTeX Info: Redefining \cal on input line 501.
LaTeX Info: Redefining \mit on input line 502.
\bibindent=\dimen108
)
(/usr/share/texmf/tex/latex/seminar/sem-page.sty)
\before@document=\toks14
\after@document=\toks15
\before@enddocument=\toks16
\c@slide=\count91
\slide@count=\count92
\@slidebox=\box26
\not@slidebox=\box27
\slide@hook=\toks17
\after@slide=\toks18
\slide@footins=\insert233
\slide@listdepth=\count93
\saved@specials=\box28
\before@newslide=\toks19
\after@slidepage=\toks20
\slidesep=\skip43
\c@note=\count94
\slideframewidth=\dimen109
\slideframesep=\dimen110
\semin=\dimen111
\semcm=\dimen112
)
(/usr/share/texmf/tex/latex/config/seminar.con)
(/usr/share/texmf/tex/latex/seminar/semcolor.sty
Style Option: `semcolor' for doc style `seminar' 1.0 <93/04/01> (tvz)
(/usr/share/texmf/tex/generic/pstricks/pstricks.tex
`PSTricks' v97 patch 10  <1999/03/24> (tvz)
\pst@dima=\dimen113
\pst@dimb=\dimen114
\pst@dimc=\dimen115
\pst@dimd=\dimen116
\pst@dimg=\dimen117
\pst@dimh=\dimen118
\pst@hbox=\box29
\pst@boxg=\box30
\pst@cnta=\count95
\pst@cntb=\count96
\pst@cntc=\count97
\pst@cntd=\count98
\pst@cntg=\count99
\pst@cnth=\count100
\pst@toks=\toks21
(/usr/share/texmf/tex/generic/pstricks/pstricks.con)
\psunit=\dimen119
\psxunit=\dimen120
\psyunit=\dimen121
\pslinewidth=\dimen122
\pst@customdefs=\toks22
\pslinearc=\dimen123
\everypsbox=\toks23
\psframesep=\dimen124
\pslabelsep=\dimen125
\theoverlaybox=\box31
))
(/usr/share/texmf/tex/latex/seminar/semlayer.sty
\@@slidebox=\box32
\c@overlay=\count101
)
(/usr/share/texmf/tex/latex/graphics/epsfig.sty
Package: epsfig 1999/02/16 v1.7a (e)psfig emulation (SPQR)

(/usr/share/texmf/tex/latex/graphics/graphicx.sty
Package: graphicx 1999/02/16 v1.0f Enhanced LaTeX Graphics (DPC,SPQR)

(/usr/share/texmf/tex/latex/graphics/keyval.sty
Package: keyval 1999/03/16 v1.13 key=value parser (DPC)
\KV@toks@=\toks24
)
(/usr/share/texmf/tex/latex/graphics/graphics.sty
Package: graphics 1999/02/16 v1.0l Standard LaTeX Graphics (DPC,SPQR)

(/usr/share/texmf/tex/latex/graphics/trig.sty
Package: trig 1999/03/16 v1.09 sin cos tan (DPC)
)
(/usr/share/texmf/tex/latex/config/graphics.cfg)
Package graphics Info: Driver file: dvips.def on input line 80.

(/usr/share/texmf/tex/latex/graphics/dvips.def
File: dvips.def 1999/02/16 v3.0i Driver-dependant file (DPC,SPQR)
))
\Gin@req@height=\dimen126
\Gin@req@width=\dimen127
)
\epsfxsize=\dimen128
\epsfysize=\dimen129
)
(/usr/share/texmf/tex/latex/misc/fancybox.sty
Package: fancybox 2000/09/19 1.3

Style option: `fancybox' v1.3 <2000/09/19> (tvz)
\@fancybox=\box33
\shadowsize=\dimen130
\@Sbox=\box34
\do@VerbBox=\toks25
\the@fancyput=\toks26
\this@fancyput=\toks27
\EndVerbatimTokens=\toks28
\Verbatim@Outfile=\write3
\Verbatim@Infile=\read1
) (/usr/share/texmf/tex/latex/misc/doublespace.sty) (rotate.sty
\@rotdimen=\dimen131
\@rotbox=\box35
) (clp_utils.tex) (cargese.aux)
\openout1 = `cargese.aux'.

LaTeX Font Info:    Checking defaults for OML/cmm/m/it on input line 33.
LaTeX Font Info:    ... okay on input line 33.
LaTeX Font Info:    Checking defaults for T1/cmr/m/n on input line 33.
LaTeX Font Info:    ... okay on input line 33.
LaTeX Font Info:    Checking defaults for OT1/cmr/m/n on input line 33.
LaTeX Font Info:    ... okay on input line 33.
LaTeX Font Info:    Checking defaults for OMS/cmsy/m/n on input line 33.
LaTeX Font Info:    ... okay on input line 33.
LaTeX Font Info:    Checking defaults for OMX/cmex/m/n on input line 33.
LaTeX Font Info:    ... okay on input line 33.
LaTeX Font Info:    Checking defaults for U/cmr/m/n on input line 33.
LaTeX Font Info:    ... okay on input line 33.
LaTeX Font Info:    External font `cmex10' loaded for size
(Font)              <24.88> on input line 54.
LaTeX Font Info:    External font `cmex10' loaded for size
(Font)              <20.74> on input line 54.
LaTeX Font Info:    External font `cmex10' loaded for size
(Font)              <17.28> on input line 54.
File: gamee_diagram.eps Graphic file (type eps)
 <gamee_diagram.eps>
LaTeX Font Info:    External font `cmex10' loaded for size
(Font)              <8> on input line 76.
LaTeX Font Info:    External font `cmex10' loaded for size
(Font)              <6> on input line 76.
LaTeX Font Info:    External font `cmex10' loaded for size
(Font)              <5> on input line 76.
 [1


]
File: lqcd_success2.eps Graphic file (type eps)
 <lqcd_success2.eps> [2

]
LaTeX Font Info:    External font `cmex10' loaded for size
(Font)              <14.4> on input line 114.
LaTeX Font Info:    External font `cmex10' loaded for size
(Font)              <12> on input line 114.
File: gamee_diagram3.eps Graphic file (type eps)

<gamee_diagram3.eps>
File: fb_diagram3.eps Graphic file (type eps)
 <fb_diagram3.eps> [3

]
File: pdg_plots2.eps Graphic file (type eps)
 <pdg_plots2.eps>

LaTeX Warning: Slide 4 overfull by 3.65pt on input line 212.


Overfull \vbox (3.65pt too high) has occurred while \output is active []

 [4

]
Overfull \hbox (9.13472pt too wide) detected at line 236
[][] \OT1/cmr/m/n/17.28 = [][][][][][]
 []

File: cartoon.eps Graphic file (type eps)
<cartoon.eps> [5

]
Overfull \hbox (9.14307pt too wide) in paragraph at lines 287--289
[]$[]$| 
 []

File: data.eps Graphic file (type eps)
<data.eps>
LaTeX Font Info:    External font `cmex10' loaded for size
(Font)              <7> on input line 311.
File: novo_y1s.eps Graphic file (type eps)
 <novo_y1s.eps>
File: argus_y2s.eps Graphic file (type eps)
 <argus_y2s.eps>
File: cleo1_y3s.eps Graphic file (type eps)
 <cleo1_y3s.eps> [6

]
Overfull \hbox (2.44798pt too wide) in paragraph at lines 370--373
 [] 
 []

[7

]
Overfull \hbox (9.14307pt too wide) in paragraph at lines 477--479
[]$[]$| 
 []

File: backgrounds_withISRtail_wtau.eps Graphic file (type eps)
<backgrounds_withISRtail_wtau.eps> [8

]
File: datamc_tracks2.eps Graphic file (type eps)
 <datamc_tracks2.eps>
Overfull \hbox (8.27466pt too wide) in paragraph at lines 591--594
[][] 
 []


Overfull \hbox (8.1264pt too wide) in paragraph at lines 596--600
[][] 
 []

[9

]
Underfull \hbox (badness 10000) in paragraph at lines 651--657
[]
 []


Overfull \hbox (10.88176pt too wide) in paragraph at lines 651--657
[] 
 []


Underfull \hbox (badness 2689) in paragraph at lines 649--658
[]\OT1/cmr/m/n/17.28 Count events with a well-known cross-section
 []

File: hilight.eps Graphic file (type eps)
<hilight.eps> [10

]
Overfull \hbox (9.14307pt too wide) in paragraph at lines 730--732
[]$[]$| 
 []

File: high_slope.eps Graphic file (type eps)
<high_slope.eps>
Overfull \hbox (2.92007pt too wide) in paragraph at lines 745--767
[][] 
 []

[11

]
Overfull \hbox (6.28168pt too wide) in paragraph at lines 781--790
 [] 
 []

File: conclusion/conclusion.eps Graphic file (type eps)
<conclusion/conclusion.eps>

LaTeX Warning: Slide 12 overfull by 8.05046pt on input line 803.


Overfull \vbox (5.71819pt too high) has occurred while \output is active []


[12

] (cargese.aux) ) 
Here is how much of TeX's memory you used:
 2482 strings out of 20887
 27036 string characters out of 196241
 88618 words of memory out of 350001
 5384 multiletter control sequences out of 10000+15000
 33548 words of font info for 122 fonts, out of 400000 for 1000
 16 hyphenation exceptions out of 10000
 34i,15n,23p,313b,920s stack positions out of 3000i,100n,1500p,50000b,4000s

Output written on cargese.dvi (12 pages, 20740 bytes).
