This is pdfTeX, Version 3.14159-14h-released-20010417 (Web2C 7.3.3.1) (format=pdflatex 2003.2.18)  6 JUN 2005 09:00
**talk.tex
(./talk.tex{/usr/share/texmf/pdftex/config/pdftex.cfg}
LaTeX2e <2001/06/01>
Babel <v3.7h> and hyphenation patterns for american, french, german, ngerman, i
talian, nohyphenation, loaded.
(/usr/share/texmf/tex/latex/base/article.cls
Document Class: article 2001/04/21 v1.4e Standard LaTeX document class
(/usr/share/texmf/tex/latex/base/size10.clo
File: size10.clo 2001/04/21 v1.4e Standard LaTeX file (size option)
)
\c@part=\count79
\c@section=\count80
\c@subsection=\count81
\c@subsubsection=\count82
\c@paragraph=\count83
\c@subparagraph=\count84
\c@figure=\count85
\c@table=\count86
\abovecaptionskip=\skip41
\belowcaptionskip=\skip42
\bibindent=\dimen102
)
(/usr/share/texmf/tex/latex/graphics/graphicx.sty
Package: graphicx 1999/02/16 v1.0f Enhanced LaTeX Graphics (DPC,SPQR)

(/usr/share/texmf/tex/latex/graphics/keyval.sty
Package: keyval 1999/03/16 v1.13 key=value parser (DPC)
\KV@toks@=\toks14
)
(/usr/share/texmf/tex/latex/graphics/graphics.sty
Package: graphics 2001/07/07 v1.0n Standard LaTeX Graphics (DPC,SPQR)

(/usr/share/texmf/tex/latex/graphics/trig.sty
Package: trig 1999/03/16 v1.09 sin cos tan (DPC)
)
(/usr/share/texmf/tex/latex/config/graphics.cfg)
Package graphics Info: Driver file: pdftex.def on input line 80.

(/usr/share/texmf/tex/latex/graphics/pdftex.def
File: pdftex.def 2001/11/29 v0.03i graphics/color for pdftex
\Gread@gobject=\count87
))
\Gin@req@height=\dimen103
\Gin@req@width=\dimen104
)
(/usr/share/texmf/tex/latex/misc/rotating.sty
Package: rotating 1997/09/26, v2.13 Rotation package

(/usr/share/texmf/tex/latex/base/ifthen.sty
Package: ifthen 2001/05/26 v1.1c Standard LaTeX ifthen package (DPC)
)
\c@r@tfl@t=\count88
\rot@float@box=\box26
) (./talk.aux)
\openout1 = `talk.aux'.

LaTeX Font Info:    Checking defaults for OML/cmm/m/it on input line 13.
LaTeX Font Info:    ... okay on input line 13.
LaTeX Font Info:    Checking defaults for T1/cmr/m/n on input line 13.
LaTeX Font Info:    ... okay on input line 13.
LaTeX Font Info:    Checking defaults for OT1/cmr/m/n on input line 13.
LaTeX Font Info:    ... okay on input line 13.
LaTeX Font Info:    Checking defaults for OMS/cmsy/m/n on input line 13.
LaTeX Font Info:    ... okay on input line 13.
LaTeX Font Info:    Checking defaults for OMX/cmex/m/n on input line 13.
LaTeX Font Info:    ... okay on input line 13.
LaTeX Font Info:    Checking defaults for U/cmr/m/n on input line 13.
LaTeX Font Info:    ... okay on input line 13.

(/usr/share/texmf/tex/context/base/supp-pdf.tex
(/usr/share/texmf/tex/context/base/supp-mis.tex
loading : Context Support Macros / Missing
\protectiondepth=\count89
\scratchcounter=\count90
\scratchtoks=\toks15
\scratchdimen=\dimen105
\scratchskip=\skip43
\scratchmuskip=\muskip10
\scratchbox=\box27
\scratchread=\read1
\scratchwrite=\write3
\zeropoint=\dimen106
\nextbox=\box28
\nextdepth=\dimen107
\everyline=\toks16
\!!counta=\count91
\!!countb=\count92
\recursecounter=\count93
)
loading : Context Support Macros / PDF
\nofMPsegments=\count94
\nofMParguments=\count95
\everyMPtoPDFconversion=\toks17
)
LaTeX Font Info:    External font `cmex10' loaded for size
(Font)              <24.88> on input line 21.
LaTeX Font Info:    External font `cmex10' loaded for size
(Font)              <20.74> on input line 21.
LaTeX Font Info:    External font `cmex10' loaded for size
(Font)              <17.28> on input line 21.
 [1

{/usr/share/texmf/dvips/config/pdftex.map}]
LaTeX Font Info:    External font `cmex10' loaded for size
(Font)              <14.4> on input line 32.
LaTeX Font Info:    External font `cmex10' loaded for size
(Font)              <12> on input line 32.

<fuzzytight.pdf, id=11, 87.32625pt x 289.08pt>
File: fuzzytight.pdf Graphic file (type pdf)
 <use fuzzytight.pdf>
<fuzzyloose.pdf, id=12, 202.7575pt x 289.08pt>
File: fuzzyloose.pdf Graphic file (type pdf)
 <use fuzzyloose.pdf> [2 <./fuzzytight.pdf> <./fuzzyloose.pdf>]
<gamee_diagram3.pdf, id=31, 364.36125pt x 149.55875pt>
File: gamee_diagram3.pdf Graphic file (type pdf)

<use gamee_diagram3.pdf> <fb_diagram3.pdf, id=32, 364.36125pt x 149.55875pt>
File: fb_diagram3.pdf Graphic file (type pdf)

<use fb_diagram3.pdf> [3 <./gamee_diagram3.pdf> <./fb_diagram3.pdf>]
<onetwothree.pdf, id=52, 477.785pt x 162.6075pt>
File: onetwothree.pdf Graphic file (type pdf)
 <use onetwothree.pdf> [4 <./onetwothree.pdf>]
Overfull \hbox (1.96996pt too wide) in paragraph at lines 115--127
 [] 
 []

[5] <backgrounds.pdf, id=61, 480.79625pt x 300.12125pt>
File: backgrounds.pdf Graphic file (type pdf)
 <use backgrounds.pdf>
[6 <./backgrounds.pdf>]

Package pdftex.def Warning: Option `bb' does not make sense,
(pdftex.def)                using `viewport' instead on input line 148.

<../runbyrun_trackless2.pdf, id=70, 420.57124pt x 484.81125pt>
File: ../runbyrun_trackless2.pdf Graphic file (type pdf)

<use ../runbyrun_trackless2.pdf> [7 <../runbyrun_trackless2.pdf>]
Overfull \hbox (9.55392pt too wide) in paragraph at lines 162--181
 [] 
 []

[8]
LaTeX Font Info:    External font `cmex10' loaded for size
(Font)              <8> on input line 199.
LaTeX Font Info:    External font `cmex10' loaded for size
(Font)              <6> on input line 199.

Underfull \hbox (badness 10000) in paragraph at lines 204--211
[][]
 []

[9]

Package pdftex.def Warning: Option `bb' does not make sense,
(pdftex.def)                using `viewport' instead on input line 230.

<../cascades_recoilmass.pdf, id=88, 569.12625pt x 569.12625pt>
File: ../cascades_recoilmass.pdf Graphic file (type pdf)

<use ../cascades_recoilmass.pdf>

Package pdftex.def Warning: Option `bb' does not make sense,
(pdftex.def)                using `viewport' instead on input line 231.

<../cascades_visen.pdf, id=90, 569.12625pt x 569.12625pt>
File: ../cascades_visen.pdf Graphic file (type pdf)

<use ../cascades_visen.pdf> [10 <../cascades_recoilmass.pdf> <../cascades_visen
.pdf>] <../efficiency_visen.pdf, id=101, 417.56pt x 487.8225pt>
File: ../efficiency_visen.pdf Graphic file (type pdf)

<use ../efficiency_visen.pdf> [11 <../efficiency_visen.pdf>] [12]
<oneovers.pdf, id=110, 489.83pt x 73.27374pt>
File: oneovers.pdf Graphic file (type pdf)
 <use oneovers.pdf> [13 <./oneovers.pdf>] [14] (./talk.aux) ) 
Here is how much of TeX's memory you used:
 1034 strings out of 50453
 12901 string characters out of 688420
 60239 words of memory out of 1500001
 4058 multiletter control sequences out of 10000+25000
 10507 words of font info for 37 fonts, out of 400000 for 1000
 14 hyphenation exceptions out of 10000
 25i,14n,21p,220b,439s stack positions out of 3000i,500n,3000p,50000b,5000s
</usr/share/texmf/
fonts/type1/bluesky/cm/cmtt12.pfb></usr/share/texmf/fonts/type1/bluesky/cm/cmbx
12.pfb></usr/share/texmf/fonts/type1/bluesky/cm/cmex10.pfb></usr/share/texmf/fo
nts/type1/bluesky/cm/cmsy10.pfb></usr/share/texmf/fonts/type1/bluesky/cm/cmr12.
pfb></usr/share/texmf/fonts/type1/bluesky/cm/cmmi12.pfb></usr/share/texmf/fonts
/type1/bluesky/cm/cmr17.pfb>
Output written on talk.pdf (14 pages, 865929 bytes).
